14:38:42.54527 2022-05-05	START GAME
14:38:48.90033 2022-05-05	started CreatePlace(MainCity, City)
14:38:51.87362 2022-05-05	succeeded CreatePlace(MainCity, City)
14:38:51.88959 2022-05-05	started EnableIcon("Open_Green_House_City_Door", Open, MainCity.GreenHouseDoor, "Green House Door", true)
14:38:51.90592 2022-05-05	succeeded EnableIcon("Open_Green_House_City_Door", Open, MainCity.GreenHouseDoor, "Green House Door", true)
14:38:51.92299 2022-05-05	started EnableIcon("Open_Brown_House_City_Door", Open, MainCity.BrownHouseDoor, "Brown House Door", true)
14:38:51.94082 2022-05-05	succeeded EnableIcon("Open_Brown_House_City_Door", Open, MainCity.BrownHouseDoor, "Brown House Door", true)
14:38:51.95890 2022-05-05	started EnableIcon("Open_Red_House_City_Door", Open, MainCity.RedHouseDoor, "Red House Door", true)
14:38:51.97663 2022-05-05	succeeded EnableIcon("Open_Red_House_City_Door", Open, MainCity.RedHouseDoor, "Red House Door", true)
14:38:51.99418 2022-05-05	started EnableIcon("Open_Blue_House_City_Door", Open, MainCity.BlueHouseDoor, "Blue House Door", true)
14:38:52.01223 2022-05-05	succeeded EnableIcon("Open_Blue_House_City_Door", Open, MainCity.BlueHouseDoor, "Blue House Door", true)
14:38:52.02986 2022-05-05	started CreatePlace(GreenCottage, Cottage)
14:38:52.32956 2022-05-05	succeeded CreatePlace(GreenCottage, Cottage)
14:38:52.34557 2022-05-05	started EnableIcon("Open_Green_House_Door", Open, GreenCottage.Door, "Green House Door", true)
14:38:52.36259 2022-05-05	succeeded EnableIcon("Open_Green_House_Door", Open, GreenCottage.Door, "Green House Door", true)
14:38:52.38071 2022-05-05	started CreatePlace(BrownCottage, Cottage)
14:38:52.68019 2022-05-05	succeeded CreatePlace(BrownCottage, Cottage)
14:38:52.69581 2022-05-05	started EnableIcon("Open_Brown_House_Door", Open, BrownCottage.Door, "Brown House Door", true)
14:38:52.71205 2022-05-05	succeeded EnableIcon("Open_Brown_House_Door", Open, BrownCottage.Door, "Brown House Door", true)
14:38:52.73016 2022-05-05	started CreatePlace(RedCottage, Cottage)
14:38:53.03379 2022-05-05	succeeded CreatePlace(RedCottage, Cottage)
14:38:53.04987 2022-05-05	started EnableIcon("Open_Red_House_Door", Open, RedCottage.Door, "Red House Door", true)
14:38:53.06668 2022-05-05	succeeded EnableIcon("Open_Red_House_Door", Open, RedCottage.Door, "Red House Door", true)
14:38:53.08477 2022-05-05	started CreatePlace(BlueCottage, Cottage)
14:38:53.38248 2022-05-05	succeeded CreatePlace(BlueCottage, Cottage)
14:38:53.39856 2022-05-05	started EnableIcon("Open_Blue_House_Door", Open, BlueCottage.Door, "Blue House Door", true)
14:38:53.41536 2022-05-05	succeeded EnableIcon("Open_Blue_House_Door", Open, BlueCottage.Door, "Blue House Door", true)
14:38:53.43455 2022-05-05	started CreateCharacter(Kate,C)
14:38:53.45108 2022-05-05	succeeded CreateCharacter(Kate,C)
14:38:53.46949 2022-05-05	started SetHairStyle(Kate,Long)
14:38:53.48619 2022-05-05	succeeded SetHairStyle(Kate,Long)
14:38:53.50474 2022-05-05	started SetClothing(Kate,Queen)
14:38:53.52038 2022-05-05	succeeded SetClothing(Kate,Queen)
14:38:53.53878 2022-05-05	started CreateCharacter(Bob,F)
14:38:53.55981 2022-05-05	succeeded CreateCharacter(Bob,F)
14:38:53.57441 2022-05-05	started SetHairStyle(Bob,Mage_Full)
14:38:53.59174 2022-05-05	succeeded SetHairStyle(Bob,Mage_Full)
14:38:53.60997 2022-05-05	started SetClothing(Bob,HeavyArmour)
14:38:53.62722 2022-05-05	succeeded SetClothing(Bob,HeavyArmour)
14:38:53.64553 2022-05-05	started SetPosition(Kate,MainCity.Fountain)
14:38:53.96280 2022-05-05	succeeded SetPosition(Kate,MainCity.Fountain)
14:38:53.98055 2022-05-05	started SetPosition(Bob,MainCity.NorthEnd)
14:38:54.29805 2022-05-05	succeeded SetPosition(Bob,MainCity.NorthEnd)
14:38:54.31575 2022-05-05	started CreateCharacter(Tom,D)
14:38:54.33226 2022-05-05	succeeded CreateCharacter(Tom,D)
14:38:54.35061 2022-05-05	started SetHairStyle(Tom,Short, Short_Beard, Short_Full)
14:38:54.36784 2022-05-05	succeeded SetHairStyle(Tom,Short, Short_Beard, Short_Full)
14:38:54.38610 2022-05-05	started SetClothing(Tom,Merchant)
14:38:54.40356 2022-05-05	succeeded SetClothing(Tom,Merchant)
14:38:54.42116 2022-05-05	started CreateCharacter(Emma,A)
14:38:54.43879 2022-05-05	succeeded CreateCharacter(Emma,A)
14:38:54.45698 2022-05-05	started SetHairStyle(Emma,Ponytail)
14:38:54.47404 2022-05-05	succeeded SetHairStyle(Emma,Ponytail)
14:38:54.49275 2022-05-05	started SetClothing(Emma,Merchant)
14:38:54.50984 2022-05-05	succeeded SetClothing(Emma,Merchant)
14:38:54.52768 2022-05-05	started CreateCharacter(Isabella,E)
14:38:54.54520 2022-05-05	succeeded CreateCharacter(Isabella,E)
14:38:54.56330 2022-05-05	started SetHairStyle(Isabella,Straight)
14:38:54.58124 2022-05-05	succeeded SetHairStyle(Isabella,Straight)
14:38:54.59955 2022-05-05	started SetClothing(Isabella,Bandit)
14:38:54.61583 2022-05-05	succeeded SetClothing(Isabella,Bandit)
14:38:54.63262 2022-05-05	started SetPosition(Tom,MainCity.EastEnd)
14:38:54.95186 2022-05-05	succeeded SetPosition(Tom,MainCity.EastEnd)
14:38:54.96980 2022-05-05	started SetPosition(Emma,MainCity.Bench.Right)
14:38:55.28709 2022-05-05	succeeded SetPosition(Emma,MainCity.Bench.Right)
14:38:55.30513 2022-05-05	started SetPosition(Isabella,MainCity.Plant)
14:38:55.62080 2022-05-05	succeeded SetPosition(Isabella,MainCity.Plant)
14:38:55.63915 2022-05-05	started CreateItem(poison_apple,Apple)
14:38:55.65694 2022-05-05	succeeded CreateItem(poison_apple,Apple)
14:38:55.67462 2022-05-05	started SetPosition(poison_apple,GreenCottage.Shelf.Left)
14:38:55.99231 2022-05-05	succeeded SetPosition(poison_apple,GreenCottage.Shelf.Left)
14:38:56.01078 2022-05-05	started EnableEffect(poison_apple,Poison)
14:38:56.02715 2022-05-05	succeeded EnableEffect(poison_apple,Poison)
14:38:56.04531 2022-05-05	started CreateItem(small_medicine,Bottle)
14:38:56.06291 2022-05-05	succeeded CreateItem(small_medicine,Bottle)
14:38:56.08101 2022-05-05	started SetPosition(small_medicine,BrownCottage.Shelf.Right)
14:38:56.39904 2022-05-05	succeeded SetPosition(small_medicine,BrownCottage.Shelf.Right)
14:38:56.41636 2022-05-05	started EnableEffect(small_medicine,Magic)
14:38:56.43326 2022-05-05	succeeded EnableEffect(small_medicine,Magic)
14:38:56.45228 2022-05-05	started CreateItem(expensive_medicine,GoldCup)
14:38:56.46984 2022-05-05	succeeded CreateItem(expensive_medicine,GoldCup)
14:38:56.48804 2022-05-05	started SetPosition(expensive_medicine,RedCottage.Shelf.Left)
14:38:56.80719 2022-05-05	succeeded SetPosition(expensive_medicine,RedCottage.Shelf.Left)
14:38:56.82442 2022-05-05	started EnableEffect(expensive_medicine,Force)
14:38:56.84158 2022-05-05	succeeded EnableEffect(expensive_medicine,Force)
14:38:56.85968 2022-05-05	started CreateItem(heart_apple,Apple)
14:38:56.87684 2022-05-05	succeeded CreateItem(heart_apple,Apple)
14:38:56.89488 2022-05-05	started SetPosition(heart_apple,BlueCottage.Shelf.Right)
14:38:57.21264 2022-05-05	succeeded SetPosition(heart_apple,BlueCottage.Shelf.Right)
14:38:57.23048 2022-05-05	started EnableEffect(heart_apple,Heart)
14:38:57.24827 2022-05-05	succeeded EnableEffect(heart_apple,Heart)
14:38:57.26638 2022-05-05	started SetCameraFocus(Kate)
14:38:57.32735 2022-05-05	succeeded SetCameraFocus(Kate)
14:38:57.34630 2022-05-05	started ShowMenu()
14:38:57.37288 2022-05-05	succeeded ShowMenu()
14:38:57.39057 2022-05-05	started HideMenu()
14:38:57.40858 2022-05-05	succeeded HideMenu()
14:38:57.42465 2022-05-05	started EnableInput()
14:38:57.44260 2022-05-05	succeeded EnableInput()
14:38:57.44556 2022-05-05	input arrived Kate at (317.4, 0.4, 9.4)
14:38:57.46247 2022-05-05	started Exit(Bob, MainCity.GreenHouseDoor, false)
14:38:57.46602 2022-05-05	started Exit(Kate, MainCity.RedHouseDoor, false)
14:38:57.50324 2022-05-05	input started walking Kate at (317.4, 0.4, 9.4)
14:38:57.51508 2022-05-05	input started walking Kate at (317.4, 0.4, 9.0)
14:38:58.57339 2022-05-05	input exited Kate position MainCity.Fountain
14:39:02.09758 2022-05-05	input arrived Kate position MainCity.RedHouseDoor.In
14:39:02.60986 2022-05-05	input exited Kate position MainCity.RedHouseDoor.In
14:39:02.64567 2022-05-05	input arrived Kate position MainCity.RedHouseDoor
14:39:04.25440 2022-05-05	succeeded Exit(Bob, MainCity.GreenHouseDoor, false)
14:39:07.12216 2022-05-05	input arrived Kate position MainCity.RedHouseDoor.Out
14:39:07.12432 2022-05-05	started Enter(Bob, GreenCottage.Door, false)
14:39:08.32157 2022-05-05	input arrived Kate at (333.2, 0.9, -3.2)
14:39:08.35570 2022-05-05	succeeded Exit(Kate, MainCity.RedHouseDoor, false)
14:39:11.96843 2022-05-05	succeeded Enter(Bob, GreenCottage.Door, false)
14:39:11.98724 2022-05-05	started Enter(Kate, RedCottage.Door, false)
14:39:12.00713 2022-05-05	started Take(Bob,poison_apple,GreenCottage.Shelf.Left)
14:39:12.12912 2022-05-05	input exited Kate position MainCity.RedHouseDoor.Out
14:39:12.12952 2022-05-05	input arrived Kate position RedCottage.Door.Out
14:39:15.65227 2022-05-05	input arrived Kate position RedCottage.Door.In
14:39:15.65291 2022-05-05	input arrived Kate position RedCottage.Door
14:39:15.68645 2022-05-05	input stopped walking Kate at (1200.3, 0.0, -2.3)
14:39:15.68756 2022-05-05	input arrived Kate at (1200.3, 0.0, -2.3)
14:39:16.59151 2022-05-05	succeeded Take(Bob,poison_apple,GreenCottage.Shelf.Left)
14:39:16.87463 2022-05-05	succeeded Enter(Kate, RedCottage.Door, false)
14:39:16.89219 2022-05-05	started Drink(Bob)
14:39:16.91053 2022-05-05	started Take(Kate,expensive_medicine,RedCottage.Shelf.Left)
14:39:16.94705 2022-05-05	input started walking Kate at (1200.3, 0.0, -2.3)
14:39:16.96543 2022-05-05	input started walking Kate at (1200.3, 0.1, -1.9)
14:39:17.31718 2022-05-05	input exited Kate position RedCottage.Door
14:39:17.51267 2022-05-05	input exited Kate position RedCottage.Door.In
14:39:18.39564 2022-05-05	input arrived Kate position RedCottage.Shelf.Right
14:39:18.39597 2022-05-05	input arrived Kate position RedCottage.Shelf
14:39:18.41349 2022-05-05	input arrived Kate position RedCottage.Shelf.Left
14:39:20.88588 2022-05-05	succeeded Drink(Bob)
14:39:21.30360 2022-05-05	input arrived Kate at (1197.2, 0.1, 3.0)
14:39:21.32180 2022-05-05	started Wave(Bob)
14:39:21.33652 2022-05-05	succeeded Take(Kate,expensive_medicine,RedCottage.Shelf.Left)
14:39:24.97031 2022-05-05	succeeded Wave(Bob)
14:39:24.98600 2022-05-05	started Drink(Kate)
14:39:25.00286 2022-05-05	started Exit(Bob, GreenCottage.Door, false)
14:39:25.22003 2022-05-05	input Key Pause
14:39:29.02025 2022-05-05	succeeded Drink(Kate)
14:39:29.03588 2022-05-05	started Exit(Kate, RedCottage.Door, false)
14:39:29.06983 2022-05-05	input started walking Kate at (1197.2, 0.1, 3.0)
14:39:29.08565 2022-05-05	input started walking Kate at (1196.8, 0.1, 3.1)
14:39:29.10247 2022-05-05	input stopped walking Kate at (1196.8, 0.1, 3.1)
14:39:29.10318 2022-05-05	input arrived Kate position RedCottage.Bookshelf
14:39:29.10364 2022-05-05	input started walking Kate at (1196.8, 0.1, 3.1)
14:39:29.11975 2022-05-05	input started walking Kate at (1196.8, 0.1, 3.1)
14:39:29.70201 2022-05-05	input exited Kate position RedCottage.Bookshelf
14:39:29.80299 2022-05-05	input exited Kate position RedCottage.Shelf.Left
14:39:29.80340 2022-05-05	input exited Kate position RedCottage.Shelf
14:39:29.80385 2022-05-05	input exited Kate position RedCottage.Shelf.Right
14:39:30.75354 2022-05-05	input arrived Kate position RedCottage.Door.In
14:39:30.82015 2022-05-05	input arrived Kate position RedCottage.Door
14:39:31.37005 2022-05-05	input exited Kate position RedCottage.Door.In
14:39:31.60362 2022-05-05	input Quit
14:39:31.60405 2022-05-05	END GAME
