01:19:44.67466 2022-05-05	START GAME
01:19:54.85779 2022-05-05	started CreatePlace(MainCity, City)
01:20:01.83610 2022-05-05	succeeded CreatePlace(MainCity, City)
01:20:01.84440 2022-05-05	started EnableIcon("Open_Green_House_City_Door", Open, MainCity.GreenHouseDoor, "Green House Door", true)
01:20:01.85074 2022-05-05	succeeded EnableIcon("Open_Green_House_City_Door", Open, MainCity.GreenHouseDoor, "Green House Door", true)
01:20:01.85495 2022-05-05	started EnableIcon("Open_Brown_House_City_Door", Open, MainCity.BrownHouseDoor, "Brown House Door", true)
01:20:01.85694 2022-05-05	succeeded EnableIcon("Open_Brown_House_City_Door", Open, MainCity.BrownHouseDoor, "Brown House Door", true)
01:20:01.86649 2022-05-05	started EnableIcon("Open_Red_House_City_Door", Open, MainCity.RedHouseDoor, "Red House Door", true)
01:20:01.88360 2022-05-05	succeeded EnableIcon("Open_Red_House_City_Door", Open, MainCity.RedHouseDoor, "Red House Door", true)
01:20:01.90009 2022-05-05	started EnableIcon("Open_Blue_House_City_Door", Open, MainCity.BlueHouseDoor, "Blue House Door", true)
01:20:01.91663 2022-05-05	succeeded EnableIcon("Open_Blue_House_City_Door", Open, MainCity.BlueHouseDoor, "Blue House Door", true)
01:20:01.93339 2022-05-05	started CreatePlace(GreenCottage, Cottage)
01:20:02.54483 2022-05-05	succeeded CreatePlace(GreenCottage, Cottage)
01:20:02.54717 2022-05-05	started EnableIcon("Open_Green_House_Door", Open, GreenCottage.Door, "Green House Door", true)
01:20:02.54899 2022-05-05	succeeded EnableIcon("Open_Green_House_Door", Open, GreenCottage.Door, "Green House Door", true)
01:20:02.55127 2022-05-05	started CreatePlace(BrownCottage, Cottage)
01:20:03.15074 2022-05-05	succeeded CreatePlace(BrownCottage, Cottage)
01:20:03.15341 2022-05-05	started EnableIcon("Open_Brown_House_Door", Open, BrownCottage.Door, "Brown House Door", true)
01:20:03.15555 2022-05-05	succeeded EnableIcon("Open_Brown_House_Door", Open, BrownCottage.Door, "Brown House Door", true)
01:20:03.15774 2022-05-05	started CreatePlace(RedCottage, Cottage)
01:20:03.79254 2022-05-05	succeeded CreatePlace(RedCottage, Cottage)
01:20:03.79608 2022-05-05	started EnableIcon("Open_Red_House_Door", Open, RedCottage.Door, "Red House Door", true)
01:20:03.79925 2022-05-05	succeeded EnableIcon("Open_Red_House_Door", Open, RedCottage.Door, "Red House Door", true)
01:20:03.80198 2022-05-05	started CreatePlace(BlueCottage, Cottage)
01:20:04.37897 2022-05-05	succeeded CreatePlace(BlueCottage, Cottage)
01:20:04.38140 2022-05-05	started EnableIcon("Open_Blue_House_Door", Open, BlueCottage.Door, "Blue House Door", true)
01:20:04.38372 2022-05-05	succeeded EnableIcon("Open_Blue_House_Door", Open, BlueCottage.Door, "Blue House Door", true)
01:20:04.38677 2022-05-05	started CreateCharacter(Kate,C)
01:20:04.40812 2022-05-05	succeeded CreateCharacter(Kate,C)
01:20:04.41341 2022-05-05	started SetHairStyle(Kate,Long)
01:20:04.42318 2022-05-05	succeeded SetHairStyle(Kate,Long)
01:20:04.44050 2022-05-05	started SetClothing(Kate,Queen)
01:20:04.46099 2022-05-05	succeeded SetClothing(Kate,Queen)
01:20:04.47338 2022-05-05	started CreateCharacter(Bob,F)
01:20:04.49428 2022-05-05	succeeded CreateCharacter(Bob,F)
01:20:04.50660 2022-05-05	started SetHairStyle(Bob,Mage_Full)
01:20:04.52261 2022-05-05	succeeded SetHairStyle(Bob,Mage_Full)
01:20:04.53966 2022-05-05	started SetClothing(Bob,HeavyArmour)
01:20:04.55693 2022-05-05	succeeded SetClothing(Bob,HeavyArmour)
01:20:04.57399 2022-05-05	started SetPosition(Kate,MainCity.Fountain)
01:20:04.87351 2022-05-05	succeeded SetPosition(Kate,MainCity.Fountain)
01:20:04.89038 2022-05-05	started SetPosition(Bob,MainCity.NorthEnd)
01:20:05.18966 2022-05-05	succeeded SetPosition(Bob,MainCity.NorthEnd)
01:20:05.20722 2022-05-05	started CreateCharacter(Tom,D)
01:20:05.22358 2022-05-05	succeeded CreateCharacter(Tom,D)
01:20:05.24041 2022-05-05	started SetHairStyle(Tom,Short, Short_Beard, Short_Full)
01:20:05.25691 2022-05-05	succeeded SetHairStyle(Tom,Short, Short_Beard, Short_Full)
01:20:05.27315 2022-05-05	started SetClothing(Tom,Merchant)
01:20:05.28978 2022-05-05	succeeded SetClothing(Tom,Merchant)
01:20:05.30698 2022-05-05	started CreateCharacter(Emma,A)
01:20:05.32370 2022-05-05	succeeded CreateCharacter(Emma,A)
01:20:05.34041 2022-05-05	started SetHairStyle(Emma,Ponytail)
01:20:05.35650 2022-05-05	succeeded SetHairStyle(Emma,Ponytail)
01:20:05.37414 2022-05-05	started SetClothing(Emma,Merchant)
01:20:05.39026 2022-05-05	succeeded SetClothing(Emma,Merchant)
01:20:05.40688 2022-05-05	started CreateCharacter(Isabella,E)
01:20:05.42378 2022-05-05	succeeded CreateCharacter(Isabella,E)
01:20:05.44044 2022-05-05	started SetHairStyle(Isabella,Straight)
01:20:05.45705 2022-05-05	succeeded SetHairStyle(Isabella,Straight)
01:20:05.47416 2022-05-05	started SetClothing(Isabella,Bandit)
01:20:05.49036 2022-05-05	succeeded SetClothing(Isabella,Bandit)
01:20:05.50721 2022-05-05	started SetPosition(Tom,MainCity.EastEnd)
01:20:05.80693 2022-05-05	succeeded SetPosition(Tom,MainCity.EastEnd)
01:20:05.82332 2022-05-05	started SetPosition(Emma,MainCity.Bench.Right)
01:20:06.12359 2022-05-05	succeeded SetPosition(Emma,MainCity.Bench.Right)
01:20:06.14003 2022-05-05	started SetPosition(Isabella,MainCity.Plant)
01:20:06.43919 2022-05-05	succeeded SetPosition(Isabella,MainCity.Plant)
01:20:06.45753 2022-05-05	started CreateItem(poison_apple,Apple)
01:20:06.47381 2022-05-05	succeeded CreateItem(poison_apple,Apple)
01:20:06.48978 2022-05-05	started SetPosition(poison_apple,GreenCottage.Shelf.Left)
01:20:06.78971 2022-05-05	succeeded SetPosition(poison_apple,GreenCottage.Shelf.Left)
01:20:06.80823 2022-05-05	started EnableEffect(poison_apple,Poison)
01:20:06.82297 2022-05-05	succeeded EnableEffect(poison_apple,Poison)
01:20:06.83948 2022-05-05	started CreateItem(small_medicine,Bottle)
01:20:06.85624 2022-05-05	succeeded CreateItem(small_medicine,Bottle)
01:20:06.87568 2022-05-05	started SetPosition(small_medicine,BrownCottage.Shelf.Right)
01:20:07.17370 2022-05-05	succeeded SetPosition(small_medicine,BrownCottage.Shelf.Right)
01:20:07.19071 2022-05-05	started EnableEffect(small_medicine,Magic)
01:20:07.20623 2022-05-05	succeeded EnableEffect(small_medicine,Magic)
01:20:07.22412 2022-05-05	started CreateItem(expensive_medicine,GoldCup)
01:20:07.23912 2022-05-05	succeeded CreateItem(expensive_medicine,GoldCup)
01:20:07.25725 2022-05-05	started SetPosition(expensive_medicine,RedCottage.Shelf.Left)
01:20:07.55643 2022-05-05	succeeded SetPosition(expensive_medicine,RedCottage.Shelf.Left)
01:20:07.57419 2022-05-05	started EnableEffect(expensive_medicine,Force)
01:20:07.59042 2022-05-05	succeeded EnableEffect(expensive_medicine,Force)
01:20:07.60745 2022-05-05	started CreateItem(heart_apple,Apple)
01:20:07.62351 2022-05-05	succeeded CreateItem(heart_apple,Apple)
01:20:07.64016 2022-05-05	started SetPosition(heart_apple,BlueCottage.Shelf.Right)
01:20:07.93999 2022-05-05	succeeded SetPosition(heart_apple,BlueCottage.Shelf.Right)
01:20:07.95747 2022-05-05	started EnableEffect(heart_apple,Heart)
01:20:07.97320 2022-05-05	succeeded EnableEffect(heart_apple,Heart)
01:20:07.99082 2022-05-05	started SetCameraFocus(Kate)
01:20:08.09934 2022-05-05	succeeded SetCameraFocus(Kate)
01:20:08.11298 2022-05-05	started SetCameraMode(track)
01:20:08.15327 2022-05-05	succeeded SetCameraMode(track)
01:20:08.16219 2022-05-05	started ShowMenu()
01:20:08.20723 2022-05-05	succeeded ShowMenu()
01:20:08.22652 2022-05-05	started HideMenu()
01:20:08.24224 2022-05-05	succeeded HideMenu()
01:20:08.24858 2022-05-05	started EnableInput()
01:20:08.26082 2022-05-05	succeeded EnableInput()
01:20:08.26643 2022-05-05	input arrived Kate at (317.4, 0.4, 9.4)
01:20:08.27321 2022-05-05	started SetPosition(Kate, BrownCottage.Shelf.Left)
01:20:08.40013 2022-05-05	input exited Kate position MainCity.Fountain
01:20:08.40091 2022-05-05	input arrived Kate position BrownCottage.Shelf
01:20:08.40136 2022-05-05	input arrived Kate position BrownCottage.Shelf.Left
01:20:08.40181 2022-05-05	input arrived Kate position BrownCottage.Shelf.Right
01:20:08.56739 2022-05-05	succeeded SetPosition(Kate, BrownCottage.Shelf.Left)
01:20:10.25154 2022-05-05	input arrived Kate at (897.2, 0.1, 3.0)
01:20:17.02023 2022-05-05	input Quit
01:20:17.02148 2022-05-05	END GAME
